==============================================================================
Suites                                                                        
==============================================================================
Suites.Test If Stmt Testsuite 25 :: We are testing conditional statement 'if' 
==============================================================================
My If Test Case 1                                                     
Value is 10
| PASS |
------------------------------------------------------------------------------
My If Test Case 2                                                     
Value is 10
| PASS |
------------------------------------------------------------------------------
My If Test Case 3                                                     
Value is 10
| PASS |
------------------------------------------------------------------------------
Suites.Test If Stmt Testsuite 25 :: We are testing conditional sta... | PASS |
3 tests, 3 passed, 0 failed
==============================================================================
Suites                                                                | PASS |
3 tests, 3 passed, 0 failed
==============================================================================
Output:  C:\Users\Administrator\PycharmProjects\RFTraining\bin\day2\pabot_results\3\output.xml
